
ROM used:   47/7936 (1%)
            47/7936 (1%) including unused fragments

            0.0 Average locations per line
            2.8 Average locations per statement

RAM used:   6/357 (2%) at main() level
            6/357 (2%) worst case

Stack used: 0 worst case (0 in main + 0 for interrupts)
Stack size: 7

Lines Stmts  %   Files
----- ----- ---  -----
   40    17 100  Atividade 11.04 - Timer2.c
  672     0   0  ..\..\..\..\..\..\..\..\..\..\..\Program Files (x86)\PICC\devices\16F877A.h
  399     0   0  regs_pic16F877A.h
----- -----
 1111    17 Total

Page ROM  %  RAM    Vol Diff  Functions:
---- --- --- ---    --- ----  ----------
0     43  91    1    344  3.7  main
 Inline         0             @cinit1

Program metrics:
    Functions               1
    Statements              17
    Comments                203
    Volume (V)              346
    Difficulty (D)          3.6
    Effort to implement (E) 1254
    Time to implement (T)   1 minutes
    Est Delivered Bugs (B)  0
    Cyclomatic Complexity   2
    Maintainability (MI)    90

 Segment     Used  Free
-----------  ----  ----
00000-00003     4  0  
00004-007FF    43  2001  
00800-00FFF     0  2048  
01000-017FF     0  2048  
01800-01EFF     0  1792  



