
ROM used:   84/7936 (1%)
            84/7936 (1%) including unused fragments

            0.1 Average locations per line
            7.0 Average locations per statement

RAM used:   13/357 (4%) at main() level
            13/357 (4%) worst case

Stack used: 0 worst case (0 in main + 0 for interrupts)
Stack size: 7

Lines Stmts  %   Files
----- ----- ---  -----
   33    12 100  Questão 10.c
  672     0   0  ..\..\..\..\..\..\..\..\..\..\Program Files (x86)\PICC\devices\16f877a.h
  399     0   0  regs_pic16f877a.h
----- -----
 1104    12 Total

Page ROM  %  RAM    Vol Diff  Functions:
---- --- --- ---    --- ----  ----------
0     35  42    0    250  3.7  main
 Inline         0             @cinit1

Program metrics:
    Functions               1
    Statements              12
    Comments                183
    Volume (V)              252
    Difficulty (D)          3.5
    Effort to implement (E) 888
    Time to implement (T)   1 minutes
    Est Delivered Bugs (B)  0
    Cyclomatic Complexity   1
    Maintainability (MI)    145

 Segment     Used  Free
-----------  ----  ----
00000-00003     4  0  
00004-00030    45  0  
00031-007FF    35  1964  
00800-00FFF     0  2048  
01000-017FF     0  2048  
01800-01EFF     0  1792  



