
ROM used:   62/7936 (1%)
            62/7936 (1%) including unused fragments

            0.1 Average locations per line
            3.0 Average locations per statement

RAM used:   7/357 (2%) at main() level
            7/357 (2%) worst case

Stack used: 0 worst case (0 in main + 0 for interrupts)
Stack size: 7

Lines Stmts  %   Files
----- ----- ---  -----
   45    21 100  Questão 5.c
  672     0   0  ..\..\..\..\..\..\..\..\..\..\Program Files (x86)\PICC\devices\16f877a.h
  399     0   0  regs_pic16f877a.h
----- -----
 1116    21 Total

Page ROM  %  RAM    Vol Diff  Functions:
---- --- --- ---    --- ----  ----------
0     14  23    0     59  1.6  InitTimer0
0     44  71    1    388  5.1  MAIN
 Inline         0             @cinit1

Program metrics:
    Functions               2
    Statements              21
    Comments                185
    Volume (V)              511
    Difficulty (D)          6.6
    Effort to implement (E) 3365
    Time to implement (T)   3 minutes
    Est Delivered Bugs (B)  0
    Cyclomatic Complexity   3
    Maintainability (MI)    140

 Segment     Used  Free
-----------  ----  ----
00000-00003     4  0  
00004-007FF    58  1986  
00800-00FFF     0  2048  
01000-017FF     0  2048  
01800-01EFF     0  1792  



