
ROM used:   344/7936 (4%)
            344/7936 (4%) including unused fragments

            0.3 Average locations per line
            9.3 Average locations per statement

RAM used:   31/357 (9%) at main() level
            36/357 (10%) worst case

Stack used: 2 worst case (0 in main + 2 for interrupts)
Stack size: 7

Lines Stmts  %   Files
----- ----- ---  -----
   74    37 100  Questão 7.c
  672     0   0  ..\..\..\..\..\..\..\..\..\..\Program Files (x86)\PICC\devices\16f877a.h
  399     0   0  regs_pic16f877a.h
----- -----
 1145    37 Total

Page ROM  %  RAM    Vol Diff  Functions:
---- --- --- ---    --- ----  ----------
0     21   6    1             @delay_ms1
0    183  53    1    871  5.3  interrupcao
0     37  11    5             @DIV1616
0     56  16    0    108  2.1  MAIN
 Inline         0             @cinit1

Program metrics:
    Functions               2
    Statements              37
    Comments                179
    Volume (V)              1091
    Difficulty (D)          7.3
    Effort to implement (E) 7986
    Time to implement (T)   7 minutes
    Est Delivered Bugs (B)  0
    Cyclomatic Complexity   2
    Maintainability (MI)    134

 Segment     Used  Free
-----------  ----  ----
00000-00003     4  0  
00004-0002E    43  0  
0002F-007FF   297  1704  
00800-00FFF     0  2048  
01000-017FF     0  2048  
01800-01EFF     0  1792  



