
ROM used:   45/7936 (1%)
            45/7936 (1%) including unused fragments

            0.0 Average locations per line
            2.5 Average locations per statement

RAM used:   7/357 (2%) at main() level
            7/357 (2%) worst case

Stack used: 0 worst case (0 in main + 0 for interrupts)
Stack size: 7

Lines Stmts  %   Files
----- ----- ---  -----
   45    18 100  Questão 14.c
  672     0   0  ..\..\..\..\..\..\..\..\..\..\Program Files (x86)\PICC\devices\16f877a.h
  399     0   0  regs_pic16f877a.h
----- -----
 1116    18 Total

Page ROM  %  RAM    Vol Diff  Functions:
---- --- --- ---    --- ----  ----------
0     41  91    1    219  3.6  MAIN
 Inline         0             @cinit1

Program metrics:
    Functions               1
    Statements              18
    Comments                185
    Volume (V)              221
    Difficulty (D)          3.5
    Effort to implement (E) 763
    Time to implement (T)   1 minutes
    Est Delivered Bugs (B)  0
    Cyclomatic Complexity   2
    Maintainability (MI)    135

 Segment     Used  Free
-----------  ----  ----
00000-00003     4  0  
00004-007FF    41  2003  
00800-00FFF     0  2048  
01000-017FF     0  2048  
01800-01EFF     0  1792  



