MPASM  5.37                     QUESTãO 6.ASM   5-9-2022  14:25:17         PAGE  1


LOC  OBJECT CODE     LINE SOURCE TEXT
  VALUE

                      00001 ; Discente: Nilo Rodrigues Alves Filho
                      00002 ; Questão 6:
                      00003 ; Faça um programa para multiplicar dois operandos de 8 bits sem sinal, ou seja, considerando apenas val
                            ores positivos. 
                      00004 ; O resultado da multiplicação terá a sua parte alta no endereço 0x21 e a parte baixa estará no endereço
                             0x20. 
                      00005 ; Os operandos de 8 bits estarão no endereço 0x30 e 0x31 da memória de dados. 
                      00006 ; Considere todos os endereços mencionados no banco 0. 
                      00007 ; 2^8 = 256. Número máx é 255.
                      00008 
                      00009 
                      00010 #INCLUDE <P16F877A.INC>                                                                 ; Inclui bibliot
                            eca do PIC 16F877A
                      00001         LIST
                      00002 ; P16F877A.INC  Standard Header File, Version 1.00    Microchip Technology, Inc.
                      00400         LIST
                      00011 
Warning[205]: Found directive in column 1. (__CONFIG)
2007   3FF9           00012 __CONFIG _XT_OSC & _WDT_OFF                                                     ; Clock interno de 4MHz 
                            e WDT desligado
Warning[205]: Found directive in column 1. (ORG)
0000                  00013 ORG 0x00                                                                                        ; Armaze
                            na o código a partir do endereço 0x00
                      00014 
0000                  00015 INICIO
                      00016 
Warning[205]: Found directive in column 1. (BANKSEL)
0000   1283 1303      00017 BANKSEL TMR0                                                                                    ; Seleci
                            ona o Banco 0
                      00018 
0002   3002           00019         MOVLW   D'2'                                                                            ; Valor 
                            do primeiro operando
0003   00B0           00020         MOVWF   0x30                                                                            ; Endere
                            ço do primeiro operando
0004   3004           00021         MOVLW   D'4'                                                                            ; Valor 
                            do segundo operando
0005   00B1           00022         MOVWF   0x31                                                                            ; Endere
                            ço do segundo operando
0006   2008           00023         CALL    mult
0007   2815           00024         GOTO FIM                                                                                        
                            ; Finaliza o código
                      00025         
0008                  00026 mult:
0008   3000           00027                         MOVLW   D'0'                                                                    
                            ; Limpa o resultado
0009   00A0           00028                         MOVWF   0x20                                                                    
                            ; Limpa a parte baixa 
000A   00A1           00029                         MOVWF   0x21                                                                    
                            ; Limpa a parte alta
000B   0830           00030                         MOVF    0x30, W                                                         
000C   00A0           00031                         MOVWF   0x20                                                                    
                            ; Primeiro operando para o Resultado                                                            
Warning[207]: Found label after column 1. (REPETE)
MPASM  5.37                     QUESTãO 6.ASM   5-9-2022  14:25:17         PAGE  2


LOC  OBJECT CODE     LINE SOURCE TEXT
  VALUE

000D                  00032         REPETE
000D   03B1           00033                         DECF    0x31,F                                                                  
                            ; Decrementa o segundo operando(uma soma a menos)
000E   1903           00034                         BTFSC   STATUS, Z                                                               
                            ; Verifica se o segundo operando é zero(finalizou a soma?)
000F   0008           00035                         RETURN                                                                          
                                    ; Se sim, retorna
0010   0830           00036                         MOVF    0x30, W                                                                 
                            ; Move o primeiro operando para W
0011   07A0           00037                         ADDWF   0x20, F                                                                 
                            ; Soma o valor do oprando para W
0012   1803           00038                         BTFSC   STATUS, C                                                               
                            ; Verifica se há carry na soma
0013   0AA1           00039                         INCF    0x21, F                                                                 
                            ; Se houver, adiciona 1 ao próximo registrador
0014   280D           00040                         GOTO    REPETE                                                          ; Volta 
                            para REPETE
0015                  00041 FIM
                      00042  
Warning[205]: Found directive in column 1. (END)
                      00043 END ; Fim do programa
MPASM  5.37                     QUESTãO 6.ASM   5-9-2022  14:25:17         PAGE  3


SYMBOL TABLE
  LABEL                             VALUE 

ACKDT                             00000005
ACKEN                             00000004
ACKSTAT                           00000006
ADCON0                            0000001F
ADCON1                            0000009F
ADCS0                             00000006
ADCS1                             00000007
ADCS2                             00000006
ADDEN                             00000003
ADFM                              00000007
ADIE                              00000006
ADIF                              00000006
ADON                              00000000
ADRESH                            0000001E
ADRESL                            0000009E
BCLIE                             00000003
BCLIF                             00000003
BF                                00000000
BRGH                              00000002
C                                 00000000
C1INV                             00000004
C1OUT                             00000006
C2INV                             00000005
C2OUT                             00000007
CCP1CON                           00000017
CCP1IE                            00000002
CCP1IF                            00000002
CCP1M0                            00000000
CCP1M1                            00000001
CCP1M2                            00000002
CCP1M3                            00000003
CCP1X                             00000005
CCP1Y                             00000004
CCP2CON                           0000001D
CCP2IE                            00000000
CCP2IF                            00000000
CCP2M0                            00000000
CCP2M1                            00000001
CCP2M2                            00000002
CCP2M3                            00000003
CCP2X                             00000005
CCP2Y                             00000004
CCPR1H                            00000016
CCPR1L                            00000015
CCPR2H                            0000001C
CCPR2L                            0000001B
CHS0                              00000003
CHS1                              00000004
CHS2                              00000005
CIS                               00000003
CKE                               00000006
CKP                               00000004
CM0                               00000000
MPASM  5.37                     QUESTãO 6.ASM   5-9-2022  14:25:17         PAGE  4


SYMBOL TABLE
  LABEL                             VALUE 

CM1                               00000001
CM2                               00000002
CMCON                             0000009C
CMIE                              00000006
CMIF                              00000006
CREN                              00000004
CSRC                              00000007
CVR0                              00000000
CVR1                              00000001
CVR2                              00000002
CVR3                              00000003
CVRCON                            0000009D
CVREN                             00000007
CVROE                             00000006
CVRR                              00000005
D                                 00000005
DATA_ADDRESS                      00000005
DC                                00000001
D_A                               00000005
EEADR                             0000010D
EEADRH                            0000010F
EECON1                            0000018C
EECON2                            0000018D
EEDATA                            0000010C
EEDATH                            0000010E
EEIE                              00000004
EEIF                              00000004
EEPGD                             00000007
F                                 00000001
FERR                              00000002
FIM                               00000015
FSR                               00000004
GCEN                              00000007
GIE                               00000007
GO                                00000002
GO_DONE                           00000002
I2C_DATA                          00000005
I2C_READ                          00000002
I2C_START                         00000003
I2C_STOP                          00000004
IBF                               00000007
IBOV                              00000005
INDF                              00000000
INICIO                            00000000
INTCON                            0000000B
INTE                              00000004
INTEDG                            00000006
INTF                              00000001
IRP                               00000007
NOT_A                             00000005
NOT_ADDRESS                       00000005
NOT_BO                            00000000
NOT_BOR                           00000000
MPASM  5.37                     QUESTãO 6.ASM   5-9-2022  14:25:17         PAGE  5


SYMBOL TABLE
  LABEL                             VALUE 

NOT_DONE                          00000002
NOT_PD                            00000003
NOT_POR                           00000001
NOT_RBPU                          00000007
NOT_RC8                           00000006
NOT_T1SYNC                        00000002
NOT_TO                            00000004
NOT_TX8                           00000006
NOT_W                             00000002
NOT_WRITE                         00000002
OBF                               00000006
OERR                              00000001
OPTION_REG                        00000081
P                                 00000004
PCFG0                             00000000
PCFG1                             00000001
PCFG2                             00000002
PCFG3                             00000003
PCL                               00000002
PCLATH                            0000000A
PCON                              0000008E
PEIE                              00000006
PEN                               00000002
PIE1                              0000008C
PIE2                              0000008D
PIR1                              0000000C
PIR2                              0000000D
PORTA                             00000005
PORTB                             00000006
PORTC                             00000007
PORTD                             00000008
PORTE                             00000009
PR2                               00000092
PS0                               00000000
PS1                               00000001
PS2                               00000002
PSA                               00000003
PSPIE                             00000007
PSPIF                             00000007
PSPMODE                           00000004
R                                 00000002
RBIE                              00000003
RBIF                              00000000
RC8_9                             00000006
RC9                               00000006
RCD8                              00000000
RCEN                              00000003
RCIE                              00000005
RCIF                              00000005
RCREG                             0000001A
RCSTA                             00000018
RD                                00000000
READ_WRITE                        00000002
MPASM  5.37                     QUESTãO 6.ASM   5-9-2022  14:25:17         PAGE  6


SYMBOL TABLE
  LABEL                             VALUE 

REPETE                            0000000D
RP0                               00000005
RP1                               00000006
RSEN                              00000001
RX9                               00000006
RX9D                              00000000
R_W                               00000002
S                                 00000003
SEN                               00000000
SMP                               00000007
SPBRG                             00000099
SPEN                              00000007
SREN                              00000005
SSPADD                            00000093
SSPBUF                            00000013
SSPCON                            00000014
SSPCON2                           00000091
SSPEN                             00000005
SSPIE                             00000003
SSPIF                             00000003
SSPM0                             00000000
SSPM1                             00000001
SSPM2                             00000002
SSPM3                             00000003
SSPOV                             00000006
SSPSTAT                           00000094
STATUS                            00000003
SYNC                              00000004
T0CS                              00000005
T0IE                              00000005
T0IF                              00000002
T0SE                              00000004
T1CKPS0                           00000004
T1CKPS1                           00000005
T1CON                             00000010
T1INSYNC                          00000002
T1OSCEN                           00000003
T1SYNC                            00000002
T2CKPS0                           00000000
T2CKPS1                           00000001
T2CON                             00000012
TMR0                              00000001
TMR0IE                            00000005
TMR0IF                            00000002
TMR1CS                            00000001
TMR1H                             0000000F
TMR1IE                            00000000
TMR1IF                            00000000
TMR1L                             0000000E
TMR1ON                            00000000
TMR2                              00000011
TMR2IE                            00000001
TMR2IF                            00000001
MPASM  5.37                     QUESTãO 6.ASM   5-9-2022  14:25:17         PAGE  7


SYMBOL TABLE
  LABEL                             VALUE 

TMR2ON                            00000002
TOUTPS0                           00000003
TOUTPS1                           00000004
TOUTPS2                           00000005
TOUTPS3                           00000006
TRISA                             00000085
TRISB                             00000086
TRISC                             00000087
TRISD                             00000088
TRISE                             00000089
TRISE0                            00000000
TRISE1                            00000001
TRISE2                            00000002
TRMT                              00000001
TX8_9                             00000006
TX9                               00000006
TX9D                              00000000
TXD8                              00000000
TXEN                              00000005
TXIE                              00000004
TXIF                              00000004
TXREG                             00000019
TXSTA                             00000098
UA                                00000001
W                                 00000000
WCOL                              00000007
WR                                00000001
WREN                              00000002
WRERR                             00000003
Z                                 00000002
_BODEN_OFF                        00003FBF
_BODEN_ON                         00003FFF
_CPD_OFF                          00003FFF
_CPD_ON                           00003EFF
_CP_ALL                           00001FFF
_CP_OFF                           00003FFF
_DEBUG_OFF                        00003FFF
_DEBUG_ON                         000037FF
_HS_OSC                           00003FFE
_LP_OSC                           00003FFC
_LVP_OFF                          00003F7F
_LVP_ON                           00003FFF
_PWRTE_OFF                        00003FFF
_PWRTE_ON                         00003FF7
_RC_OSC                           00003FFF
_WDT_OFF                          00003FFB
_WDT_ON                           00003FFF
_WRT_1FOURTH                      00003BFF
_WRT_256                          00003DFF
_WRT_HALF                         000039FF
_WRT_OFF                          00003FFF
_XT_OSC                           00003FFD
__16F877A                         00000001
MPASM  5.37                     QUESTãO 6.ASM   5-9-2022  14:25:17         PAGE  8


SYMBOL TABLE
  LABEL                             VALUE 

__DEBUG                           1
mult                              00000008


MEMORY USAGE MAP ('X' = Used,  '-' = Unused)

0000 : XXXXXXXXXXXXXXXX XXXXX----------- ---------------- ----------------
2000 : -------X-------- ---------------- ---------------- ----------------

All other memory blocks unused.

Program Memory Words Used:    21
Program Memory Words Free:  8171


Errors   :     0
Warnings :     5 reported,     0 suppressed
Messages :     0 reported,     0 suppressed

