
ROM used:   390/7936 (5%)
            390/7936 (5%) including unused fragments

            0.3 Average locations per line
            5.8 Average locations per statement

RAM used:   23/357 (6%) at main() level
            26/357 (7%) worst case

Stack used: 2 worst case (1 in main + 1 for interrupts)
Stack size: 7

Lines Stmts  %   Files
----- ----- ---  -----
  135    67 100  Pratica_05__01_09.c
  672     0   0  ..\..\..\..\..\..\..\Program Files (x86)\PICC\devices\16f877a.h
  399     0   0  regs_pic16f877a.h
----- -----
 1206    67 Total

Page ROM  %  RAM    Vol Diff  Functions:
---- --- --- ---    --- ----  ----------
0     21   5    1             @delay_ms1
0     14   4    0             @const868
0     33   8    0    112  3.7  IntTimer1
0    236  61    2   1901  6.4  MAIN
0     37   9    5             @DIV1616
 Inline         0             @cinit1

Program metrics:
    Functions               2
    Statements              67
    Comments                260
    Volume (V)              2153
    Difficulty (D)          10.4
    Effort to implement (E) 22341
    Time to implement (T)   21 minutes
    Est Delivered Bugs (B)  0
    Cyclomatic Complexity   8
    Maintainability (MI)    31

 Segment     Used  Free
-----------  ----  ----
00000-00003     4  0  
00004-00030    45  0  
00031-007FF   341  1658  
00800-00FFF     0  2048  
01000-017FF     0  2048  
01800-01EFF     0  1792  



