
ROM used:   1162/7936 (15%)
            1162/7936 (15%) including unused fragments

            1.3 Average locations per line
            8.9 Average locations per statement

RAM used:   33/357 (9%) at main() level
            51/357 (14%) worst case

Stack used: 4 worst case (3 in main + 1 for interrupts)
Stack size: 7

Lines Stmts  %   Files
----- ----- ---  -----
  238   130 100  Pratica_06__22_09.c
  672     0   0  ..\..\..\..\..\..\..\Program Files (x86)\PICC\devices\16f877A.h
----- -----
  910   130 Total

Page ROM  %  RAM    Vol Diff  Functions:
---- --- --- ---    --- ----  ----------
0     24   2    1             @delay_ms1
0     13   1    1    121  1.8  comando_lcd
0     13   1    1    121  1.8  escreve_lcd
 Inline         0     32  1.0  limpa_lcd
0     37   3    0    165  1.3  inicializa_lcd
0    116  10    0    165  1.7  tela_principal
0      8   1    0             @const651
 Inline         4             @PSTRINGC7_646
0     99   9    9             @PRINTF_LU_646
0     26   2    0     24  1.5  salva_dados
0     11   1    1     29  1.6  le_dados
0     20   2    0     16  1.0  atualiza_pwm
0    253  22    1   2343  8.9  MAIN
0     31   3    2             @ITOF
0    204  18   14             @DIVFF
0    119  10   13             @MULFF
0     33   3    4             @SFTOI
0     76   7    0    216  4.5  trata_int_tmr0
 Inline         5             @DIV1616
 Inline         0             @cinit1

Program metrics:
    Functions               10
    Statements              130
    Comments                236
    Volume (V)              4377
    Difficulty (D)          25.4
    Effort to implement (E) 111104
    Time to implement (T)   1 hours, 43 minutes
    Est Delivered Bugs (B)  1
    Cyclomatic Complexity   12
    Maintainability (MI)    145

 Segment     Used  Free
-----------  ----  ----
00000-00003     4  0  
00004-0004E    75  0  
0004F-007FF  1083  886  
00800-00FFF     0  2048  
01000-017FF     0  2048  
01800-01EFF     0  1792  



