MPASM  5.37                     QUESTãO 4.ASM   5-9-2022  0:30:11         PAGE  1


LOC  OBJECT CODE     LINE SOURCE TEXT
  VALUE

                      00001 ; Discente: Nilo Rodrigues Alves Filho
                      00002 ; Questão 4:
                      00003 ; Que relacione a saída RD7 com as entradas RD2 a RD0 com base na tabela verdade abaixo. 
                      00004 ; Para facilitar, determine uma expressão lógica booleana que relacione a saída RD7 com as entradas RD2,
                             RD1 e RD0.
                      00005 ; Com base nessa expressão que você encontrar, escreva o programa, considerando que a entrada RD2 repres
                            enta o bit mais significativo enquanto que a entrada RD0, o bit menos significativo. 
                      00006 ;
                      00007 ; OBSERVAÇÕES:
                      00008 ; -> Quando RD2 = 0 a saída RD7 é igual a saída OR entre RD0 e RD1
                      00009 ; -> Quando RD2 = 1 a saída RD7 é igual ao sinal de entrada RD0.
                      00010 ; -> Expressão de saída: d2'(d0d1) + d2d0
                      00011 ; -> dx: pino x normal | dx': pino x barrado
                      00012 ;
                      00013 ; RD2  RD1  RD0     RD7
                      00014 ;  0    0    0       0
                      00015 ;  0    0    1       1  
                      00016 ;  0    1    0       1
                      00017 ;  0    1    1       1
                      00018 ;  1    0    0       0
                      00019 ;  1    0    1       1
                      00020 ;  1    1    0       0
                      00021 ;  1    1    1       1    
                      00022 
                      00023 
                      00024 #INCLUDE <P16F877A.INC>                                                         ; Inclui biblioteca do P
                            IC 16F877A
                      00001         LIST
                      00002 ; P16F877A.INC  Standard Header File, Version 1.00    Microchip Technology, Inc.
                      00400         LIST
                      00025 
Warning[205]: Found directive in column 1. (__CONFIG)
2007   3FF9           00026 __CONFIG _XT_OSC & _WDT_OFF                                                     ; Clock interno de 4MHz 
                            e WDT desligado
Warning[205]: Found directive in column 1. (ORG)
0000                  00027 ORG 0x00                                                                                        ; Armaze
                            na o código a partir do endereço 0x00
                      00028 
                      00029 ; REGISTRADORES ----------------------------------------------------------------------------------------
                            ----
                      00030 
                      00031         ; Configurando TRISD
0000   1683 1303      00032         BANKSEL         TRISD                                                           ; Seleciona o Ba
                            nco 1
0002   3007           00033         MOVLW           B'00000111'                                                     
Message[302]: Register in operand not in bank 0.  Ensure that bank bits are correct.
0003   0088           00034         MOVWF           TRISD                                                           ; Define RD0, RD
                            1, RD2 como entradas e RD7 como saída
                      00035         
                      00036         ; Configurando PORTD
0004   1283 1303      00037         BANKSEL         PORTD                                                           ; Seleciona o Ba
                            nco 0
0006   0188           00038         CLRF            PORTD                                                           ; Limpa a porta 
MPASM  5.37                     QUESTãO 4.ASM   5-9-2022  0:30:11         PAGE  2


LOC  OBJECT CODE     LINE SOURCE TEXT
  VALUE

                            D
                      00039 
                      00040 ; ------------------------------------------------------------------------------------------------------
                            ----
                      00041 
                      00042 
                      00043 
0007                  00044 LOOP; ---------------------------------------- LOOP INFINITO -------------------------------------------
                            ---
                      00045 
Warning[207]: Found label after column 1. (INICIO)
0007                  00046         INICIO                                                                                  ; Marca 
                            o início do código principal
                      00047         
0007   1D08           00048         BTFSS           PORTD,2                                                         ; Pula a próxima
                             linha se o RD2 for 1
0008   200B           00049         CALL            rd2_zero                                                        ; Executa a roti
                            na rd2_zero
0009   2010           00050         CALL            rd2_um                                                          ; Executa a roti
                            na rd2_um
                      00051                 
Warning[207]: Found label after column 1. (FIM)
000A                  00052         FIM                                                                                             
                            ; Marca o fim do código
                      00053 
Warning[203]: Found opcode in column 1. (GOTO)
000A   2807           00054 GOTO LOOP; ------------------------------   FIM LOOP INFINITO ------------------------------------------
                            ----
                      00055 
                      00056 
                      00057 
                      00058 ; ------------------------------------------ SUB-ROTINAS -----------------------------------------------
                            ----
                      00059 
000B                  00060 rd2_zero:                                                                                       ; Lógica
                             OR
000B   1808           00061                         BTFSC           PORTD, 0                                        ; Pula a próxima
                             linha se RD0 for 0
000C   2013           00062                         CALL            pino_um                                         ; Executa a sub-
                            rotina pino_um
000D   1888           00063                         BTFSC           PORTD, 1                                        ; Pula se RD1 fo
                            r 0
000E   2013           00064                         CALL            pino_um                                         ; Executa a sub-
                            rotina pino_um
000F   2015           00065                         CALL            pino_zero                                       ; Executa a sub-
                            rotina pino_zero
                      00066 
0010                  00067 rd2_um:                                                                                         ; Saída 
                            igual a RD0
0010   1808           00068                         BTFSC           PORTD, 0                                        ; Pula a próxima
                             linha se RD0 for 0
0011   2013           00069                         CALL            pino_um                                         ; Executa a sub-
                            rotina pino_um                                          
MPASM  5.37                     QUESTãO 4.ASM   5-9-2022  0:30:11         PAGE  3


LOC  OBJECT CODE     LINE SOURCE TEXT
  VALUE

0012   2015           00070                         CALL            pino_zero                                       ; Executa a sub-
                            rotina pino_zero
                      00071         
0013                  00072 pino_um:                                                                                
0013   1788           00073                         BSF             PORTD,7                                         ; Pino RD7 será 
                            1
0014   280A           00074                         GOTO            FIM                                                     ; Retorn
                            a para o FIM
                      00075 
0015                  00076 pino_zero:                                                                              
0015   1388           00077                         BCF             PORTD,7                                         ; Pino RD7 será 
                            0
0016   280A           00078                         GOTO            FIM                                                     ; Retorn
                            a para o FIM
                      00079                         
                      00080 
                      00081 ; ------------------------------------------------------------------------------------------------------
                            ----
                      00082 
                      00083 
                      00084 
Warning[205]: Found directive in column 1. (END)
                      00085 END ; Fim do programa
MPASM  5.37                     QUESTãO 4.ASM   5-9-2022  0:30:11         PAGE  4


SYMBOL TABLE
  LABEL                             VALUE 

ACKDT                             00000005
ACKEN                             00000004
ACKSTAT                           00000006
ADCON0                            0000001F
ADCON1                            0000009F
ADCS0                             00000006
ADCS1                             00000007
ADCS2                             00000006
ADDEN                             00000003
ADFM                              00000007
ADIE                              00000006
ADIF                              00000006
ADON                              00000000
ADRESH                            0000001E
ADRESL                            0000009E
BCLIE                             00000003
BCLIF                             00000003
BF                                00000000
BRGH                              00000002
C                                 00000000
C1INV                             00000004
C1OUT                             00000006
C2INV                             00000005
C2OUT                             00000007
CCP1CON                           00000017
CCP1IE                            00000002
CCP1IF                            00000002
CCP1M0                            00000000
CCP1M1                            00000001
CCP1M2                            00000002
CCP1M3                            00000003
CCP1X                             00000005
CCP1Y                             00000004
CCP2CON                           0000001D
CCP2IE                            00000000
CCP2IF                            00000000
CCP2M0                            00000000
CCP2M1                            00000001
CCP2M2                            00000002
CCP2M3                            00000003
CCP2X                             00000005
CCP2Y                             00000004
CCPR1H                            00000016
CCPR1L                            00000015
CCPR2H                            0000001C
CCPR2L                            0000001B
CHS0                              00000003
CHS1                              00000004
CHS2                              00000005
CIS                               00000003
CKE                               00000006
CKP                               00000004
CM0                               00000000
MPASM  5.37                     QUESTãO 4.ASM   5-9-2022  0:30:11         PAGE  5


SYMBOL TABLE
  LABEL                             VALUE 

CM1                               00000001
CM2                               00000002
CMCON                             0000009C
CMIE                              00000006
CMIF                              00000006
CREN                              00000004
CSRC                              00000007
CVR0                              00000000
CVR1                              00000001
CVR2                              00000002
CVR3                              00000003
CVRCON                            0000009D
CVREN                             00000007
CVROE                             00000006
CVRR                              00000005
D                                 00000005
DATA_ADDRESS                      00000005
DC                                00000001
D_A                               00000005
EEADR                             0000010D
EEADRH                            0000010F
EECON1                            0000018C
EECON2                            0000018D
EEDATA                            0000010C
EEDATH                            0000010E
EEIE                              00000004
EEIF                              00000004
EEPGD                             00000007
F                                 00000001
FERR                              00000002
FIM                               0000000A
FSR                               00000004
GCEN                              00000007
GIE                               00000007
GO                                00000002
GO_DONE                           00000002
I2C_DATA                          00000005
I2C_READ                          00000002
I2C_START                         00000003
I2C_STOP                          00000004
IBF                               00000007
IBOV                              00000005
INDF                              00000000
INICIO                            00000007
INTCON                            0000000B
INTE                              00000004
INTEDG                            00000006
INTF                              00000001
IRP                               00000007
LOOP                              00000007
NOT_A                             00000005
NOT_ADDRESS                       00000005
NOT_BO                            00000000
MPASM  5.37                     QUESTãO 4.ASM   5-9-2022  0:30:11         PAGE  6


SYMBOL TABLE
  LABEL                             VALUE 

NOT_BOR                           00000000
NOT_DONE                          00000002
NOT_PD                            00000003
NOT_POR                           00000001
NOT_RBPU                          00000007
NOT_RC8                           00000006
NOT_T1SYNC                        00000002
NOT_TO                            00000004
NOT_TX8                           00000006
NOT_W                             00000002
NOT_WRITE                         00000002
OBF                               00000006
OERR                              00000001
OPTION_REG                        00000081
P                                 00000004
PCFG0                             00000000
PCFG1                             00000001
PCFG2                             00000002
PCFG3                             00000003
PCL                               00000002
PCLATH                            0000000A
PCON                              0000008E
PEIE                              00000006
PEN                               00000002
PIE1                              0000008C
PIE2                              0000008D
PIR1                              0000000C
PIR2                              0000000D
PORTA                             00000005
PORTB                             00000006
PORTC                             00000007
PORTD                             00000008
PORTE                             00000009
PR2                               00000092
PS0                               00000000
PS1                               00000001
PS2                               00000002
PSA                               00000003
PSPIE                             00000007
PSPIF                             00000007
PSPMODE                           00000004
R                                 00000002
RBIE                              00000003
RBIF                              00000000
RC8_9                             00000006
RC9                               00000006
RCD8                              00000000
RCEN                              00000003
RCIE                              00000005
RCIF                              00000005
RCREG                             0000001A
RCSTA                             00000018
RD                                00000000
MPASM  5.37                     QUESTãO 4.ASM   5-9-2022  0:30:11         PAGE  7


SYMBOL TABLE
  LABEL                             VALUE 

READ_WRITE                        00000002
RP0                               00000005
RP1                               00000006
RSEN                              00000001
RX9                               00000006
RX9D                              00000000
R_W                               00000002
S                                 00000003
SEN                               00000000
SMP                               00000007
SPBRG                             00000099
SPEN                              00000007
SREN                              00000005
SSPADD                            00000093
SSPBUF                            00000013
SSPCON                            00000014
SSPCON2                           00000091
SSPEN                             00000005
SSPIE                             00000003
SSPIF                             00000003
SSPM0                             00000000
SSPM1                             00000001
SSPM2                             00000002
SSPM3                             00000003
SSPOV                             00000006
SSPSTAT                           00000094
STATUS                            00000003
SYNC                              00000004
T0CS                              00000005
T0IE                              00000005
T0IF                              00000002
T0SE                              00000004
T1CKPS0                           00000004
T1CKPS1                           00000005
T1CON                             00000010
T1INSYNC                          00000002
T1OSCEN                           00000003
T1SYNC                            00000002
T2CKPS0                           00000000
T2CKPS1                           00000001
T2CON                             00000012
TMR0                              00000001
TMR0IE                            00000005
TMR0IF                            00000002
TMR1CS                            00000001
TMR1H                             0000000F
TMR1IE                            00000000
TMR1IF                            00000000
TMR1L                             0000000E
TMR1ON                            00000000
TMR2                              00000011
TMR2IE                            00000001
TMR2IF                            00000001
MPASM  5.37                     QUESTãO 4.ASM   5-9-2022  0:30:11         PAGE  8


SYMBOL TABLE
  LABEL                             VALUE 

TMR2ON                            00000002
TOUTPS0                           00000003
TOUTPS1                           00000004
TOUTPS2                           00000005
TOUTPS3                           00000006
TRISA                             00000085
TRISB                             00000086
TRISC                             00000087
TRISD                             00000088
TRISE                             00000089
TRISE0                            00000000
TRISE1                            00000001
TRISE2                            00000002
TRMT                              00000001
TX8_9                             00000006
TX9                               00000006
TX9D                              00000000
TXD8                              00000000
TXEN                              00000005
TXIE                              00000004
TXIF                              00000004
TXREG                             00000019
TXSTA                             00000098
UA                                00000001
W                                 00000000
WCOL                              00000007
WR                                00000001
WREN                              00000002
WRERR                             00000003
Z                                 00000002
_BODEN_OFF                        00003FBF
_BODEN_ON                         00003FFF
_CPD_OFF                          00003FFF
_CPD_ON                           00003EFF
_CP_ALL                           00001FFF
_CP_OFF                           00003FFF
_DEBUG_OFF                        00003FFF
_DEBUG_ON                         000037FF
_HS_OSC                           00003FFE
_LP_OSC                           00003FFC
_LVP_OFF                          00003F7F
_LVP_ON                           00003FFF
_PWRTE_OFF                        00003FFF
_PWRTE_ON                         00003FF7
_RC_OSC                           00003FFF
_WDT_OFF                          00003FFB
_WDT_ON                           00003FFF
_WRT_1FOURTH                      00003BFF
_WRT_256                          00003DFF
_WRT_HALF                         000039FF
_WRT_OFF                          00003FFF
_XT_OSC                           00003FFD
__16F877A                         00000001
MPASM  5.37                     QUESTãO 4.ASM   5-9-2022  0:30:11         PAGE  9


SYMBOL TABLE
  LABEL                             VALUE 

__DEBUG                           1
pino_um                           00000013
pino_zero                         00000015
rd2_um                            00000010
rd2_zero                          0000000B


MEMORY USAGE MAP ('X' = Used,  '-' = Unused)

0000 : XXXXXXXXXXXXXXXX XXXXXXX--------- ---------------- ----------------
2000 : -------X-------- ---------------- ---------------- ----------------

All other memory blocks unused.

Program Memory Words Used:    23
Program Memory Words Free:  8169


Errors   :     0
Warnings :     6 reported,     0 suppressed
Messages :     1 reported,     0 suppressed

