
ROM used:   171/7936 (2%)
            171/7936 (2%) including unused fragments

            0.2 Average locations per line
            4.8 Average locations per statement

RAM used:   15/357 (4%) at main() level
            15/357 (4%) worst case

Stack used: 0 worst case (0 in main + 0 for interrupts)
Stack size: 7

Lines Stmts  %   Files
----- ----- ---  -----
   59    36 100  Questão 12.c
  672     0   0  ..\..\..\..\..\..\..\..\..\..\Program Files (x86)\PICC\devices\16f877a.h
  399     0   0  regs_pic16f877a.h
----- -----
 1130    36 Total

Page ROM  %  RAM    Vol Diff  Functions:
---- --- --- ---    --- ----  ----------
0    167  98    9    975  6.9  main
 Inline         0             @cinit1

Program metrics:
    Functions               1
    Statements              36
    Comments                194
    Volume (V)              978
    Difficulty (D)          6.8
    Effort to implement (E) 6651
    Time to implement (T)   6 minutes
    Est Delivered Bugs (B)  0
    Cyclomatic Complexity   6
    Maintainability (MI)    96

 Segment     Used  Free
-----------  ----  ----
00000-00003     4  0  
00004-007FF   167  1877  
00800-00FFF     0  2048  
01000-017FF     0  2048  
01800-01EFF     0  1792  



