
ROM used:   111/7936 (1%)
            111/7936 (1%) including unused fragments

            0.1 Average locations per line
            5.8 Average locations per statement

RAM used:   13/357 (4%) at main() level
            13/357 (4%) worst case

Stack used: 0 worst case (0 in main + 0 for interrupts)
Stack size: 7

Lines Stmts  %   Files
----- ----- ---  -----
   36    19 100  Questão 13.c
  672     0   0  ..\..\..\..\..\..\..\..\..\..\Program Files (x86)\PICC\devices\16f877a.h
  399     0   0  regs_pic16f877a.h
----- -----
 1107    19 Total

Page ROM  %  RAM    Vol Diff  Functions:
---- --- --- ---    --- ----  ----------
0    107  96    7    557  5.7  main
 Inline         0             @cinit1

Program metrics:
    Functions               1
    Statements              19
    Comments                185
    Volume (V)              559
    Difficulty (D)          5.6
    Effort to implement (E) 3139
    Time to implement (T)   3 minutes
    Est Delivered Bugs (B)  0
    Cyclomatic Complexity   2
    Maintainability (MI)    130

 Segment     Used  Free
-----------  ----  ----
00000-00003     4  0  
00004-007FF   107  1937  
00800-00FFF     0  2048  
01000-017FF     0  2048  
01800-01EFF     0  1792  



