
ROM used:   39/7936 (0%)
            39/7936 (0%) including unused fragments

            0.0 Average locations per line
            3.3 Average locations per statement

RAM used:   5/357 (1%) at main() level
            5/357 (1%) worst case

Stack used: 0 worst case (0 in main + 0 for interrupts)
Stack size: 7

Lines Stmts  %   Files
----- ----- ---  -----
   33    12 100  Atividade 08.04 - Timer0.c
  672     0   0  ..\..\..\..\..\..\..\..\..\..\..\Program Files (x86)\PICC\devices\16F877A.h
  399     0   0  regs_pic16F877A.h
----- -----
 1104    12 Total

Page ROM  %  RAM    Vol Diff  Functions:
---- --- --- ---    --- ----  ----------
0     35  90    0    197  2.7  main
 Inline         0             @cinit1

Program metrics:
    Functions               1
    Statements              12
    Comments                197
    Volume (V)              200
    Difficulty (D)          2.6
    Effort to implement (E) 514
    Time to implement (T)   0 minutes
    Est Delivered Bugs (B)  0
    Cyclomatic Complexity   1
    Maintainability (MI)    115

 Segment     Used  Free
-----------  ----  ----
00000-00003     4  0  
00004-007FF    35  2009  
00800-00FFF     0  2048  
01000-017FF     0  2048  
01800-01EFF     0  1792  



