
ROM used:   47/7936 (1%)
            47/7936 (1%) including unused fragments

            0.0 Average locations per line
            3.4 Average locations per statement

RAM used:   7/357 (2%) at main() level
            7/357 (2%) worst case

Stack used: 0 worst case (0 in main + 0 for interrupts)
Stack size: 7

Lines Stmts  %   Files
----- ----- ---  -----
   46    14 100  Pratica_02__11_08.c
  672     0   0  ..\..\..\..\..\..\..\Program Files (x86)\PICC\devices\16f877a.h
  399     0   0  regs_pic16f877a.h
----- -----
 1117    14 Total

Page ROM  %  RAM    Vol Diff  Functions:
---- --- --- ---    --- ----  ----------
0     43  91    2    295  4.2  main
 Inline         0             @cinit1

Program metrics:
    Functions               1
    Statements              14
    Comments                216
    Volume (V)              297
    Difficulty (D)          4.0
    Effort to implement (E) 1193
    Time to implement (T)   1 minutes
    Est Delivered Bugs (B)  0
    Cyclomatic Complexity   2
    Maintainability (MI)    63

 Segment     Used  Free
-----------  ----  ----
00000-00003     4  0  
00004-007FF    43  2001  
00800-00FFF     0  2048  
01000-017FF     0  2048  
01800-01E7F     0  1664  
01E80-01EFF     0  128  



