
ROM used:   153/7936 (2%)
            153/7936 (2%) including unused fragments

            0.1 Average locations per line
            3.2 Average locations per statement

RAM used:   17/357 (5%) at main() level
            20/357 (6%) worst case

Stack used: 0 worst case (0 in main + 0 for interrupts)
Stack size: 7

Lines Stmts  %   Files
----- ----- ---  -----
   93    48 100  Questão 6.c
  672     0   0  ..\..\..\..\..\..\..\..\..\..\Program Files (x86)\PICC\devices\16f877a.h
  399     0   0  regs_pic16f877a.h
----- -----
 1164    48 Total

Page ROM  %  RAM    Vol Diff  Functions:
---- --- --- ---    --- ----  ----------
 Inline         0    387  6.8  var_byte
0    100  65    2    518  7.1  leitura
0     49  32    2    270  3.4  MAIN
 Inline         0             @cinit1

Program metrics:
    Functions               3
    Statements              48
    Comments                200
    Volume (V)              1510
    Difficulty (D)          17.1
    Effort to implement (E) 25776
    Time to implement (T)   24 minutes
    Est Delivered Bugs (B)  0
    Cyclomatic Complexity   8
    Maintainability (MI)    97

 Segment     Used  Free
-----------  ----  ----
00000-00003     4  0  
00004-007FF   149  1895  
00800-00FFF     0  2048  
01000-017FF     0  2048  
01800-01EFF     0  1792  



