
ROM used:   51/7936 (1%)
            51/7936 (1%) including unused fragments

            0.0 Average locations per line
            3.2 Average locations per statement

RAM used:   6/357 (2%) at main() level
            6/357 (2%) worst case

Stack used: 0 worst case (0 in main + 0 for interrupts)
Stack size: 7

Lines Stmts  %   Files
----- ----- ---  -----
   39    16 100  Questão 8.c
  672     0   0  ..\..\..\..\..\..\..\..\..\..\Program Files (x86)\PICC\devices\16f877a.h
  399     0   0  regs_pic16f877a.h
----- -----
 1110    16 Total

Page ROM  %  RAM    Vol Diff  Functions:
---- --- --- ---    --- ----  ----------
0     10  20    0     52  1.9  InitTimer0
0     37  73    0    277  4.6  MAIN
 Inline         0             @cinit1

Program metrics:
    Functions               2
    Statements              16
    Comments                185
    Volume (V)              382
    Difficulty (D)          6.4
    Effort to implement (E) 2442
    Time to implement (T)   2 minutes
    Est Delivered Bugs (B)  0
    Cyclomatic Complexity   1
    Maintainability (MI)    146

 Segment     Used  Free
-----------  ----  ----
00000-00003     4  0  
00004-007FF    47  1997  
00800-00FFF     0  2048  
01000-017FF     0  2048  
01800-01EFF     0  1792  



