Warning[205] C:\USERS\NILOF\ONEDRIVE\DOCUMENTOS\UFPI\3∞ PERÌODO\ARQUITETURA DE SISTEMAS\LISTA ASSEMBLY\QUEST„O 9\MPLAB\QUEST„O 9.ASM 8 : Found directive in column 1. (cblock)
Warning[205] C:\USERS\NILOF\ONEDRIVE\DOCUMENTOS\UFPI\3∞ PERÌODO\ARQUITETURA DE SISTEMAS\LISTA ASSEMBLY\QUEST„O 9\MPLAB\QUEST„O 9.ASM 12 : Found directive in column 1. (ENDC)
Warning[205] C:\USERS\NILOF\ONEDRIVE\DOCUMENTOS\UFPI\3∞ PERÌODO\ARQUITETURA DE SISTEMAS\LISTA ASSEMBLY\QUEST„O 9\MPLAB\QUEST„O 9.ASM 14 : Found directive in column 1. (ORG)
Warning[203] C:\USERS\NILOF\ONEDRIVE\DOCUMENTOS\UFPI\3∞ PERÌODO\ARQUITETURA DE SISTEMAS\LISTA ASSEMBLY\QUEST„O 9\MPLAB\QUEST„O 9.ASM 15 : Found opcode in column 1. (nop)
Warning[203] C:\USERS\NILOF\ONEDRIVE\DOCUMENTOS\UFPI\3∞ PERÌODO\ARQUITETURA DE SISTEMAS\LISTA ASSEMBLY\QUEST„O 9\MPLAB\QUEST„O 9.ASM 16 : Found opcode in column 1. (nop)
Warning[203] C:\USERS\NILOF\ONEDRIVE\DOCUMENTOS\UFPI\3∞ PERÌODO\ARQUITETURA DE SISTEMAS\LISTA ASSEMBLY\QUEST„O 9\MPLAB\QUEST„O 9.ASM 17 : Found opcode in column 1. (goto)
Warning[203] C:\USERS\NILOF\ONEDRIVE\DOCUMENTOS\UFPI\3∞ PERÌODO\ARQUITETURA DE SISTEMAS\LISTA ASSEMBLY\QUEST„O 9\MPLAB\QUEST„O 9.ASM 18 : Found opcode in column 1. (nop)
Warning[203] C:\USERS\NILOF\ONEDRIVE\DOCUMENTOS\UFPI\3∞ PERÌODO\ARQUITETURA DE SISTEMAS\LISTA ASSEMBLY\QUEST„O 9\MPLAB\QUEST„O 9.ASM 22 : Found opcode in column 1. (bcf)
Warning[203] C:\USERS\NILOF\ONEDRIVE\DOCUMENTOS\UFPI\3∞ PERÌODO\ARQUITETURA DE SISTEMAS\LISTA ASSEMBLY\QUEST„O 9\MPLAB\QUEST„O 9.ASM 23 : Found opcode in column 1. (bsf)
Warning[205] C:\USERS\NILOF\ONEDRIVE\DOCUMENTOS\UFPI\3∞ PERÌODO\ARQUITETURA DE SISTEMAS\LISTA ASSEMBLY\QUEST„O 9\MPLAB\QUEST„O 9.ASM 25 : Found directive in column 1. (banksel)
Warning[203] C:\USERS\NILOF\ONEDRIVE\DOCUMENTOS\UFPI\3∞ PERÌODO\ARQUITETURA DE SISTEMAS\LISTA ASSEMBLY\QUEST„O 9\MPLAB\QUEST„O 9.ASM 26 : Found opcode in column 1. (movlw)
Warning[203] C:\USERS\NILOF\ONEDRIVE\DOCUMENTOS\UFPI\3∞ PERÌODO\ARQUITETURA DE SISTEMAS\LISTA ASSEMBLY\QUEST„O 9\MPLAB\QUEST„O 9.ASM 27 : Found opcode in column 1. (movwf)
Message[302] C:\USERS\NILOF\ONEDRIVE\DOCUMENTOS\UFPI\3∞ PERÌODO\ARQUITETURA DE SISTEMAS\LISTA ASSEMBLY\QUEST„O 9\MPLAB\QUEST„O 9.ASM 27 : Register in operand not in bank 0.  Ensure that bank bits are correct.
Warning[203] C:\USERS\NILOF\ONEDRIVE\DOCUMENTOS\UFPI\3∞ PERÌODO\ARQUITETURA DE SISTEMAS\LISTA ASSEMBLY\QUEST„O 9\MPLAB\QUEST„O 9.ASM 28 : Found opcode in column 1. (bsf)
Message[302] C:\USERS\NILOF\ONEDRIVE\DOCUMENTOS\UFPI\3∞ PERÌODO\ARQUITETURA DE SISTEMAS\LISTA ASSEMBLY\QUEST„O 9\MPLAB\QUEST„O 9.ASM 28 : Register in operand not in bank 0.  Ensure that bank bits are correct.
Warning[203] C:\USERS\NILOF\ONEDRIVE\DOCUMENTOS\UFPI\3∞ PERÌODO\ARQUITETURA DE SISTEMAS\LISTA ASSEMBLY\QUEST„O 9\MPLAB\QUEST„O 9.ASM 29 : Found opcode in column 1. (clrf)
Message[302] C:\USERS\NILOF\ONEDRIVE\DOCUMENTOS\UFPI\3∞ PERÌODO\ARQUITETURA DE SISTEMAS\LISTA ASSEMBLY\QUEST„O 9\MPLAB\QUEST„O 9.ASM 29 : Register in operand not in bank 0.  Ensure that bank bits are correct.
Warning[203] C:\USERS\NILOF\ONEDRIVE\DOCUMENTOS\UFPI\3∞ PERÌODO\ARQUITETURA DE SISTEMAS\LISTA ASSEMBLY\QUEST„O 9\MPLAB\QUEST„O 9.ASM 30 : Found opcode in column 1. (clrf)
Message[302] C:\USERS\NILOF\ONEDRIVE\DOCUMENTOS\UFPI\3∞ PERÌODO\ARQUITETURA DE SISTEMAS\LISTA ASSEMBLY\QUEST„O 9\MPLAB\QUEST„O 9.ASM 30 : Register in operand not in bank 0.  Ensure that bank bits are correct.
Warning[203] C:\USERS\NILOF\ONEDRIVE\DOCUMENTOS\UFPI\3∞ PERÌODO\ARQUITETURA DE SISTEMAS\LISTA ASSEMBLY\QUEST„O 9\MPLAB\QUEST„O 9.ASM 31 : Found opcode in column 1. (clrf)
Message[302] C:\USERS\NILOF\ONEDRIVE\DOCUMENTOS\UFPI\3∞ PERÌODO\ARQUITETURA DE SISTEMAS\LISTA ASSEMBLY\QUEST„O 9\MPLAB\QUEST„O 9.ASM 31 : Register in operand not in bank 0.  Ensure that bank bits are correct.
Warning[203] C:\USERS\NILOF\ONEDRIVE\DOCUMENTOS\UFPI\3∞ PERÌODO\ARQUITETURA DE SISTEMAS\LISTA ASSEMBLY\QUEST„O 9\MPLAB\QUEST„O 9.ASM 32 : Found opcode in column 1. (clrf)
Message[302] C:\USERS\NILOF\ONEDRIVE\DOCUMENTOS\UFPI\3∞ PERÌODO\ARQUITETURA DE SISTEMAS\LISTA ASSEMBLY\QUEST„O 9\MPLAB\QUEST„O 9.ASM 32 : Register in operand not in bank 0.  Ensure that bank bits are correct.
Warning[203] C:\USERS\NILOF\ONEDRIVE\DOCUMENTOS\UFPI\3∞ PERÌODO\ARQUITETURA DE SISTEMAS\LISTA ASSEMBLY\QUEST„O 9\MPLAB\QUEST„O 9.ASM 33 : Found opcode in column 1. (MOVLW)
Warning[203] C:\USERS\NILOF\ONEDRIVE\DOCUMENTOS\UFPI\3∞ PERÌODO\ARQUITETURA DE SISTEMAS\LISTA ASSEMBLY\QUEST„O 9\MPLAB\QUEST„O 9.ASM 34 : Found opcode in column 1. (MOVWF)
Message[302] C:\USERS\NILOF\ONEDRIVE\DOCUMENTOS\UFPI\3∞ PERÌODO\ARQUITETURA DE SISTEMAS\LISTA ASSEMBLY\QUEST„O 9\MPLAB\QUEST„O 9.ASM 34 : Register in operand not in bank 0.  Ensure that bank bits are correct.
Warning[203] C:\USERS\NILOF\ONEDRIVE\DOCUMENTOS\UFPI\3∞ PERÌODO\ARQUITETURA DE SISTEMAS\LISTA ASSEMBLY\QUEST„O 9\MPLAB\QUEST„O 9.ASM 39 : Found opcode in column 1. (bcf)
Warning[203] C:\USERS\NILOF\ONEDRIVE\DOCUMENTOS\UFPI\3∞ PERÌODO\ARQUITETURA DE SISTEMAS\LISTA ASSEMBLY\QUEST„O 9\MPLAB\QUEST„O 9.ASM 40 : Found opcode in column 1. (movlw)
Warning[203] C:\USERS\NILOF\ONEDRIVE\DOCUMENTOS\UFPI\3∞ PERÌODO\ARQUITETURA DE SISTEMAS\LISTA ASSEMBLY\QUEST„O 9\MPLAB\QUEST„O 9.ASM 41 : Found opcode in column 1. (movwf)
Warning[203] C:\USERS\NILOF\ONEDRIVE\DOCUMENTOS\UFPI\3∞ PERÌODO\ARQUITETURA DE SISTEMAS\LISTA ASSEMBLY\QUEST„O 9\MPLAB\QUEST„O 9.ASM 42 : Found opcode in column 1. (movwf)
Warning[203] C:\USERS\NILOF\ONEDRIVE\DOCUMENTOS\UFPI\3∞ PERÌODO\ARQUITETURA DE SISTEMAS\LISTA ASSEMBLY\QUEST„O 9\MPLAB\QUEST„O 9.ASM 43 : Found opcode in column 1. (movwf)
Warning[203] C:\USERS\NILOF\ONEDRIVE\DOCUMENTOS\UFPI\3∞ PERÌODO\ARQUITETURA DE SISTEMAS\LISTA ASSEMBLY\QUEST„O 9\MPLAB\QUEST„O 9.ASM 44 : Found opcode in column 1. (movwf)
Warning[203] C:\USERS\NILOF\ONEDRIVE\DOCUMENTOS\UFPI\3∞ PERÌODO\ARQUITETURA DE SISTEMAS\LISTA ASSEMBLY\QUEST„O 9\MPLAB\QUEST„O 9.ASM 45 : Found opcode in column 1. (movwf)
Warning[205] C:\USERS\NILOF\ONEDRIVE\DOCUMENTOS\UFPI\3∞ PERÌODO\ARQUITETURA DE SISTEMAS\LISTA ASSEMBLY\QUEST„O 9\MPLAB\QUEST„O 9.ASM 47 : Found directive in column 1. (banksel)
Warning[203] C:\USERS\NILOF\ONEDRIVE\DOCUMENTOS\UFPI\3∞ PERÌODO\ARQUITETURA DE SISTEMAS\LISTA ASSEMBLY\QUEST„O 9\MPLAB\QUEST„O 9.ASM 48 : Found opcode in column 1. (swapf)
Message[305] C:\USERS\NILOF\ONEDRIVE\DOCUMENTOS\UFPI\3∞ PERÌODO\ARQUITETURA DE SISTEMAS\LISTA ASSEMBLY\QUEST„O 9\MPLAB\QUEST„O 9.ASM 74 : Using default destination of 1 (file).
Message[305] C:\USERS\NILOF\ONEDRIVE\DOCUMENTOS\UFPI\3∞ PERÌODO\ARQUITETURA DE SISTEMAS\LISTA ASSEMBLY\QUEST„O 9\MPLAB\QUEST„O 9.ASM 76 : Using default destination of 1 (file).
Message[305] C:\USERS\NILOF\ONEDRIVE\DOCUMENTOS\UFPI\3∞ PERÌODO\ARQUITETURA DE SISTEMAS\LISTA ASSEMBLY\QUEST„O 9\MPLAB\QUEST„O 9.ASM 78 : Using default destination of 1 (file).
Warning[205] C:\USERS\NILOF\ONEDRIVE\DOCUMENTOS\UFPI\3∞ PERÌODO\ARQUITETURA DE SISTEMAS\LISTA ASSEMBLY\QUEST„O 9\MPLAB\QUEST„O 9.ASM 82 : Found directive in column 1. (end)
