MPASM  5.37                     QUESTãO 9.ASM   5-9-2022  19:29:03         PAGE  1


LOC  OBJECT CODE     LINE SOURCE TEXT
  VALUE

                      00001 ;Programa em assembly analisado em sala de aula
                      00002 
                      00003 #include <P16F877a.INC>                                 ;inclui biblioteca do PIC a ser usado
                      00001         LIST
                      00002 ; P16F877A.INC  Standard Header File, Version 1.00    Microchip Technology, Inc.
                      00400         LIST
                      00004 #define valor1 .250                                             ; A palavra 'valor 1' será entendida com
                            o 250
                      00005 #define valor2 .125                                             ; A palavra 'valor 1' será entendida com
                            o 125
                      00006 #define valor3 .16                                              ; A palavra 'valor 1' será entendida com
                            o 16
                      00007 
Warning[205]: Found directive in column 1. (cblock)
                      00008 cblock 0x20
  00000020            00009  cont1                                                                  ; Cria um espaço no endereço 0x2
                            0
  00000021            00010  cont2                                                                  ; Cria um espaço no endereço 0x2
                            1
  00000022            00011  cont3                                                                  ; Cria um espaço no endereço 0x2
                            2
Warning[205]: Found directive in column 1. (ENDC)
                      00012 endc
                      00013 
Warning[205]: Found directive in column 1. (ORG)
0000                  00014 ORG 0x0000                                                      ; Programa será armazenado a partir da m
                            emória 0x00
Warning[203]: Found opcode in column 1. (nop)
0000   0000           00015 nop                                                                             ; Gasta um ciclo de máqu
                            ina
Warning[203]: Found opcode in column 1. (nop)
0001   0000           00016 nop                                                                             ; Gasta um ciclo de máqu
                            ina
Warning[203]: Found opcode in column 1. (goto)
0002   2804           00017 goto inicio                                                             ; Vai para 'inicio'
Warning[203]: Found opcode in column 1. (nop)
0003   0000           00018 nop                                                                             ; Gasta um ciclo de máqu
                            ina
                      00019 
0004                  00020 inicio                                                                  ; Marca o início do código
                      00021         
Warning[203]: Found opcode in column 1. (bcf)
0004   1303           00022 bcf STATUS, RP1                                                 ; RP1 = 0
Warning[203]: Found opcode in column 1. (bsf)
0005   1683           00023 bsf STATUS, RP0                                                 ; RP0 = 1    A junção dos bits RP1 e RP0
                             é 01, acessando o banco 1
                      00024 
Warning[205]: Found directive in column 1. (banksel)
0006   1683 1303      00025 banksel TRISC                                                   ; Acessa o banco 1 (Banco do TRISC)
Warning[203]: Found opcode in column 1. (movlw)
0008   3010           00026 movlw 0x10                                                              ; Move para W o valor 0x10 em he
                            xadecimal
Warning[203]: Found opcode in column 1. (movwf)
MPASM  5.37                     QUESTãO 9.ASM   5-9-2022  19:29:03         PAGE  2


LOC  OBJECT CODE     LINE SOURCE TEXT
  VALUE

Message[302]: Register in operand not in bank 0.  Ensure that bank bits are correct.
0009   0087           00027 movwf TRISC                                                             ; Determina RC4 como entrada e o
                            s demais pinos como saída 
Warning[203]: Found opcode in column 1. (bsf)
Message[302]: Register in operand not in bank 0.  Ensure that bank bits are correct.
000A   1407           00028 bsf TRISC,0                                                             ; Zera o bit 0 do registrador TR
                            IS. Definindo como saída
Warning[203]: Found opcode in column 1. (clrf)
Message[302]: Register in operand not in bank 0.  Ensure that bank bits are correct.
000B   0185           00029 clrf TRISA                                                              ; Zera o registrador TRISA. Defi
                            nindo a porta A inteira como saída
Warning[203]: Found opcode in column 1. (clrf)
Message[302]: Register in operand not in bank 0.  Ensure that bank bits are correct.
000C   0186           00030 clrf TRISB                                                              ; Zera o registrador TRISB. Defi
                            nindo a porta B inteira como saída
Warning[203]: Found opcode in column 1. (clrf)
Message[302]: Register in operand not in bank 0.  Ensure that bank bits are correct.
000D   0188           00031 clrf TRISD                                                              ; Zera o registrador TRISD. Defi
                            nindo a porta D inteira como saída
Warning[203]: Found opcode in column 1. (clrf)
Message[302]: Register in operand not in bank 0.  Ensure that bank bits are correct.
000E   0189           00032 clrf TRISE                                                              ; Zera o registrador TRISE. Defi
                            nindo a porta E inteira como saída
Warning[203]: Found opcode in column 1. (MOVLW)
000F   30FF           00033 MOVLW D'255' ;                                                  ; Move para W o valor 255 em decimal
Warning[203]: Found opcode in column 1. (MOVWF)
Message[302]: Register in operand not in bank 0.  Ensure that bank bits are correct.
0010   0081           00034 MOVWF OPTION_REG                                                ; Determina todos os bits do registrador
                             OPTION_REG em 1.
                      00035 ; Desabilita o pull-up da porta B
                      00036 ; Habilita a interrupção do RB0 por borda de subida
                      00037 ; Habilita o clock externo, detecção por borda de subida, prescaler pelo WDT, prescaler 1:128
                      00038  
Warning[203]: Found opcode in column 1. (bcf)
0011   1283           00039 bcf STATUS, RP0                                                 ; RP0 = 0       A junção dos bits RP1 e 
                            RP0 é 00, acessando o banco 0
Warning[203]: Found opcode in column 1. (movlw)
0012   3000           00040 movlw 0x00                                                              ; Move para W o valor zero
Warning[203]: Found opcode in column 1. (movwf)
0013   0088           00041 movwf PORTD                                                             ; Determina todos os pinos da po
                            rta D em nível baixo
Warning[203]: Found opcode in column 1. (movwf)
0014   0085           00042 movwf PORTA                                                             ; Determina todos os pinos da po
                            rta A em nível baixo
Warning[203]: Found opcode in column 1. (movwf)
0015   0086           00043 movwf PORTB                                                             ; Determina todos os pinos da po
                            rta B em nível baixo
Warning[203]: Found opcode in column 1. (movwf)
0016   0087           00044 movwf PORTC                                                             ; Determina todos os pinos da po
                            rta C em nível baixo
Warning[203]: Found opcode in column 1. (movwf)
0017   0089           00045 movwf PORTE                                                             ; Determina todos os pinos da po
                            rta E em nível baixo
MPASM  5.37                     QUESTãO 9.ASM   5-9-2022  19:29:03         PAGE  3


LOC  OBJECT CODE     LINE SOURCE TEXT
  VALUE

                      00046 
Warning[205]: Found directive in column 1. (banksel)
0018   1283 1303      00047 banksel PORTB                                                   ; Acessa o banco 0 (Banco do PORTB)
Warning[203]: Found opcode in column 1. (swapf)
001A   0E86           00048 swapf PORTB,F                                                   ; Inverte a ordem dos bits do PORTB, e g
                            uarda a nova ordem em f
                      00049 
001B                  00050 le_botao                                                                ; Rotina le_botao
001B   1807           00051                         btfsC PORTC,0                            
001C   281F           00052                         goto apaga_led                          ; Retorna para rotina apaga_led 
                      00053                         
001D   1508           00054 ligar_led       bsf PORTD,2
001E   2820           00055                         goto INVERTE                            ; Retorna para rotina INVERTE
                      00056                         
001F   1108           00057 apaga_led       bcf PORTD,2                                     ; Determina o pino RD2 em nivel baixo
                      00058 
0020   3001           00059 INVERTE         movlw B'00000001'                       ; Move o valor 0x01 para W
0021   0688           00060                         xorwf PORTD,F                           ; 
0022   2024           00061                         call atraso                                     ; Chama uma rotina de atraso
0023   281B           00062                         goto le_botao                           ; Retorna para rotina le_botao
                      00063                         
                      00064 ;===ROTINA DE ATRASO DE TEMPO=========
0024   3010           00065 atraso          movlw valor3                            ; Move .16 para W
0025   00A2           00066                         movwf cont3                                     ; Reseta a contagem
                      00067                         
0026   307D           00068 recarga2        movlw valor2                            ; Move .125
0027   00A1           00069                         movwf cont2                                     ; Reseta o valor da contagem
                      00070                         
0028   30FA           00071 recarga1        movlw valor1                            ; Move .250
0029   00A0           00072                         movwf cont1                                     ; Reseta o valor da contagem
                      00073                         
Message[305]: Using default destination of 1 (file).
002A   0BA0           00074 dec             decfsz cont1                            ; Faz a contagem até zerar
002B   282A           00075                         goto dec                                        ; Retorna para o início da rotin
                            a
Message[305]: Using default destination of 1 (file).
002C   0BA1           00076                         decfsz cont2                            ; Faz a contagem até zerar
002D   2828           00077                         goto recarga1                           ; Reinicia o valor da variável
Message[305]: Using default destination of 1 (file).
002E   0BA2           00078                         decfsz cont3                            ; Faz a contagem até zerar
002F   2826           00079                         goto recarga2                           ; Reinicia o valor da variável
0030   0008           00080                         return                                          ; Saí da rotina
                      00081 
Warning[205]: Found directive in column 1. (end)
                      00082 end ; fim do programa
MPASM  5.37                     QUESTãO 9.ASM   5-9-2022  19:29:03         PAGE  4


SYMBOL TABLE
  LABEL                             VALUE 

ACKDT                             00000005
ACKEN                             00000004
ACKSTAT                           00000006
ADCON0                            0000001F
ADCON1                            0000009F
ADCS0                             00000006
ADCS1                             00000007
ADCS2                             00000006
ADDEN                             00000003
ADFM                              00000007
ADIE                              00000006
ADIF                              00000006
ADON                              00000000
ADRESH                            0000001E
ADRESL                            0000009E
BCLIE                             00000003
BCLIF                             00000003
BF                                00000000
BRGH                              00000002
C                                 00000000
C1INV                             00000004
C1OUT                             00000006
C2INV                             00000005
C2OUT                             00000007
CCP1CON                           00000017
CCP1IE                            00000002
CCP1IF                            00000002
CCP1M0                            00000000
CCP1M1                            00000001
CCP1M2                            00000002
CCP1M3                            00000003
CCP1X                             00000005
CCP1Y                             00000004
CCP2CON                           0000001D
CCP2IE                            00000000
CCP2IF                            00000000
CCP2M0                            00000000
CCP2M1                            00000001
CCP2M2                            00000002
CCP2M3                            00000003
CCP2X                             00000005
CCP2Y                             00000004
CCPR1H                            00000016
CCPR1L                            00000015
CCPR2H                            0000001C
CCPR2L                            0000001B
CHS0                              00000003
CHS1                              00000004
CHS2                              00000005
CIS                               00000003
CKE                               00000006
CKP                               00000004
CM0                               00000000
MPASM  5.37                     QUESTãO 9.ASM   5-9-2022  19:29:03         PAGE  5


SYMBOL TABLE
  LABEL                             VALUE 

CM1                               00000001
CM2                               00000002
CMCON                             0000009C
CMIE                              00000006
CMIF                              00000006
CREN                              00000004
CSRC                              00000007
CVR0                              00000000
CVR1                              00000001
CVR2                              00000002
CVR3                              00000003
CVRCON                            0000009D
CVREN                             00000007
CVROE                             00000006
CVRR                              00000005
D                                 00000005
DATA_ADDRESS                      00000005
DC                                00000001
D_A                               00000005
EEADR                             0000010D
EEADRH                            0000010F
EECON1                            0000018C
EECON2                            0000018D
EEDATA                            0000010C
EEDATH                            0000010E
EEIE                              00000004
EEIF                              00000004
EEPGD                             00000007
F                                 00000001
FERR                              00000002
FSR                               00000004
GCEN                              00000007
GIE                               00000007
GO                                00000002
GO_DONE                           00000002
I2C_DATA                          00000005
I2C_READ                          00000002
I2C_START                         00000003
I2C_STOP                          00000004
IBF                               00000007
IBOV                              00000005
INDF                              00000000
INTCON                            0000000B
INTE                              00000004
INTEDG                            00000006
INTF                              00000001
INVERTE                           00000020
IRP                               00000007
NOT_A                             00000005
NOT_ADDRESS                       00000005
NOT_BO                            00000000
NOT_BOR                           00000000
NOT_DONE                          00000002
MPASM  5.37                     QUESTãO 9.ASM   5-9-2022  19:29:03         PAGE  6


SYMBOL TABLE
  LABEL                             VALUE 

NOT_PD                            00000003
NOT_POR                           00000001
NOT_RBPU                          00000007
NOT_RC8                           00000006
NOT_T1SYNC                        00000002
NOT_TO                            00000004
NOT_TX8                           00000006
NOT_W                             00000002
NOT_WRITE                         00000002
OBF                               00000006
OERR                              00000001
OPTION_REG                        00000081
P                                 00000004
PCFG0                             00000000
PCFG1                             00000001
PCFG2                             00000002
PCFG3                             00000003
PCL                               00000002
PCLATH                            0000000A
PCON                              0000008E
PEIE                              00000006
PEN                               00000002
PIE1                              0000008C
PIE2                              0000008D
PIR1                              0000000C
PIR2                              0000000D
PORTA                             00000005
PORTB                             00000006
PORTC                             00000007
PORTD                             00000008
PORTE                             00000009
PR2                               00000092
PS0                               00000000
PS1                               00000001
PS2                               00000002
PSA                               00000003
PSPIE                             00000007
PSPIF                             00000007
PSPMODE                           00000004
R                                 00000002
RBIE                              00000003
RBIF                              00000000
RC8_9                             00000006
RC9                               00000006
RCD8                              00000000
RCEN                              00000003
RCIE                              00000005
RCIF                              00000005
RCREG                             0000001A
RCSTA                             00000018
RD                                00000000
READ_WRITE                        00000002
RP0                               00000005
MPASM  5.37                     QUESTãO 9.ASM   5-9-2022  19:29:03         PAGE  7


SYMBOL TABLE
  LABEL                             VALUE 

RP1                               00000006
RSEN                              00000001
RX9                               00000006
RX9D                              00000000
R_W                               00000002
S                                 00000003
SEN                               00000000
SMP                               00000007
SPBRG                             00000099
SPEN                              00000007
SREN                              00000005
SSPADD                            00000093
SSPBUF                            00000013
SSPCON                            00000014
SSPCON2                           00000091
SSPEN                             00000005
SSPIE                             00000003
SSPIF                             00000003
SSPM0                             00000000
SSPM1                             00000001
SSPM2                             00000002
SSPM3                             00000003
SSPOV                             00000006
SSPSTAT                           00000094
STATUS                            00000003
SYNC                              00000004
T0CS                              00000005
T0IE                              00000005
T0IF                              00000002
T0SE                              00000004
T1CKPS0                           00000004
T1CKPS1                           00000005
T1CON                             00000010
T1INSYNC                          00000002
T1OSCEN                           00000003
T1SYNC                            00000002
T2CKPS0                           00000000
T2CKPS1                           00000001
T2CON                             00000012
TMR0                              00000001
TMR0IE                            00000005
TMR0IF                            00000002
TMR1CS                            00000001
TMR1H                             0000000F
TMR1IE                            00000000
TMR1IF                            00000000
TMR1L                             0000000E
TMR1ON                            00000000
TMR2                              00000011
TMR2IE                            00000001
TMR2IF                            00000001
TMR2ON                            00000002
TOUTPS0                           00000003
MPASM  5.37                     QUESTãO 9.ASM   5-9-2022  19:29:03         PAGE  8


SYMBOL TABLE
  LABEL                             VALUE 

TOUTPS1                           00000004
TOUTPS2                           00000005
TOUTPS3                           00000006
TRISA                             00000085
TRISB                             00000086
TRISC                             00000087
TRISD                             00000088
TRISE                             00000089
TRISE0                            00000000
TRISE1                            00000001
TRISE2                            00000002
TRMT                              00000001
TX8_9                             00000006
TX9                               00000006
TX9D                              00000000
TXD8                              00000000
TXEN                              00000005
TXIE                              00000004
TXIF                              00000004
TXREG                             00000019
TXSTA                             00000098
UA                                00000001
W                                 00000000
WCOL                              00000007
WR                                00000001
WREN                              00000002
WRERR                             00000003
Z                                 00000002
_BODEN_OFF                        00003FBF
_BODEN_ON                         00003FFF
_CPD_OFF                          00003FFF
_CPD_ON                           00003EFF
_CP_ALL                           00001FFF
_CP_OFF                           00003FFF
_DEBUG_OFF                        00003FFF
_DEBUG_ON                         000037FF
_HS_OSC                           00003FFE
_LP_OSC                           00003FFC
_LVP_OFF                          00003F7F
_LVP_ON                           00003FFF
_PWRTE_OFF                        00003FFF
_PWRTE_ON                         00003FF7
_RC_OSC                           00003FFF
_WDT_OFF                          00003FFB
_WDT_ON                           00003FFF
_WRT_1FOURTH                      00003BFF
_WRT_256                          00003DFF
_WRT_HALF                         000039FF
_WRT_OFF                          00003FFF
_XT_OSC                           00003FFD
__16F877A                         00000001
__DEBUG                           1
apaga_led                         0000001F
MPASM  5.37                     QUESTãO 9.ASM   5-9-2022  19:29:03         PAGE  9


SYMBOL TABLE
  LABEL                             VALUE 

atraso                            00000024
cont1                             00000020
cont2                             00000021
cont3                             00000022
dec                               0000002A
inicio                            00000004
le_botao                          0000001B
ligar_led                         0000001D
recarga1                          00000028
recarga2                          00000026
valor1                            .250
valor2                            .125
valor3                            .16


MEMORY USAGE MAP ('X' = Used,  '-' = Unused)

0000 : XXXXXXXXXXXXXXXX XXXXXXXXXXXXXXXX XXXXXXXXXXXXXXXX X---------------

All other memory blocks unused.

Program Memory Words Used:    49
Program Memory Words Free:  8143


Errors   :     0
Warnings :    29 reported,     0 suppressed
Messages :    10 reported,     0 suppressed

