MPASM  5.37              PRáTICA_1__28_07.ASM   9-15-2022  15:48:25         PAGE  1


LOC  OBJECT CODE     LINE SOURCE TEXT
  VALUE

                      00001 ; GRUPO:
                      00002 ; Antônio Gustavo da Silva Moura
                      00003 ; Manoel Barroso da Silva Moura
                      00004 ; Nilo Rodrigues Alves Filho
                      00005 ;
                      00006 ; Diminuir o tempo do código original para utilizar um fator de correção depois
                      00007 ;
                      00008 ; Programa para mudar o estado do pino RA0 baseando-se no ciclo de máquina
                      00009 ; Clock: 4MHz
                      00010 ; Ciclo de máquina = 1 / (Clock /4) = 1us
                      00011 ; MCU: PIC16F877A
                      00012 
                      00013  #include <p16f877a.inc>
                      00001         LIST
                      00002 ; P16F877A.INC  Standard Header File, Version 1.00    Microchip Technology, Inc.
                      00400         LIST
                      00014 ; CONFIGURAR OS FUSES DO PROCESSADOR
2007   3F71           00015         __CONFIG _WDT_OFF & _LVP_OFF & _XT_OSC & _PWRTE_ON & _CP_OFF
                      00016 
                      00017 ; MAPEAMENTO DE MEMÓRIA (RP1 fixo 1)
                      00018  #define        bank0   bcf     STATUS,RP0      ;Cria um mnemônico para selecionar o banco 0 de memória
                      00019  #define        bank1   bsf     STATUS,RP0      ;Cria um mnemônico para selecionar o banco 1 de memória
                      00020 
                      00021 ; SAÍDA
                      00022  #define        output          PORTB,0         ;RB0 será chamado de saída (output)
                      00023  
                      00024  
                      00025 ; VETOR DE RESET
0000                  00026         org     0x00            ;Origem no endereço 00h
0000   0000           00027         nop
0001   0000           00028         nop
0002   2805           00029         goto inicio             ;Vai para a label inicio
0003   0000           00030         nop
                      00031 
                      00032 ; VETOR DE INTERRUPÇÃO
0004                  00033         org     0x04                    ;Origem da interrupção
0004   0009           00034         retfie                          ;Retorna da interrupção
                      00035 
                      00036 ; VARIÁVEIS
                      00037         cblock  0x20            ;Endereço para variáveis
  00000020            00038         tempo0                          ;Variável de temporização
  00000021            00039         tempo1                          ;Variável de temporização
  00000022            00040         tempo2
                      00041         endc                            ;Final da memória do usuário
                      00042 
0005                  00043 inicio:
0005   1683           00044         bank1                           ;Seleciona o banco1 de memória
                      00045         
0006   3000           00046         movlw   0x00            ;Move literal 00h para work. W = 00h
Message[302]: Register in operand not in bank 0.  Ensure that bank bits are correct.
0007   0086           00047         movwf   TRISB           ;TRISB = 0 (Todo PORTB é saída digital)
                      00048  
0008   3006           00049         movlw   H'06'           ; (0b0000 011x)
MPASM  5.37              PRáTICA_1__28_07.ASM   9-15-2022  15:48:25         PAGE  2


LOC  OBJECT CODE     LINE SOURCE TEXT
  VALUE

Message[302]: Register in operand not in bank 0.  Ensure that bank bits are correct.
0009   009F           00050         movwf   ADCON1          ;Desabilita  A/D do PIC16F877A
                      00051 
000A   1283           00052         bank0                           ;Seleciona o banco0 de memória
                      00053         
000B   3000           00054         movlw   0x00            ;Move 00h para W.
000C   0086           00055         movwf   PORTB           ;Todo PORTB inicio em nível LOW
                      00056 
000D                  00057 loop:
000D   1406           00058         bsf             output          ;RB0 em nível HIGH set 1
000E   2012           00059         call    delay500ms      ;Chama a sub rotina de delay
000F   1006           00060         bcf             output          ;RB0 em nível LOW clear 0
0010   2012           00061         call    delay500ms      ;Chama a sub rotina de delay
0011   280D           00062         goto    loop            ;Loop infinito
                      00063 
0012                  00064 delay500ms:
0012   30C3           00065         movlw   .195            
0013   00A0           00066         movwf   tempo0          ;Inicializa a variável tempo0 
                      00067                                                 ; 4 ciclos de máquina
Warning[207]: Found label after column 1. (aux1)
0014                  00068         aux1:
Warning[202]: Argument out of range.  Least significant bits used.
0014   3000           00069         movlw   .256            
0015   00A1           00070         movwf   tempo1          ;Inicializa a variável tempo1
                      00071                                                 ; 2 ciclos de máquina   
                      00072                                                 ;6
                      00073 
Warning[207]: Found label after column 1. (aux2)
0016                  00074         aux2:
0016   0000           00075         nop                                     ;Gastar 1 ciclo de máquina
0017   0000           00076         nop
0018   0000           00077         nop
0019   0000           00078         nop
001A   0000           00079         nop
001B   0000           00080         nop
001C   0000           00081         nop
Message[305]: Using default destination of 1 (file).
001D   0BA1           00082         decfsz  tempo1          ;Decrementa tempo1 até que seja igual a zero
001E   2816           00083         goto    aux2            ;Vai para a label aux2 
                      00084                                                 ;9 ciclos
                      00085                                                                                         
Message[305]: Using default destination of 1 (file).
001F   0BA0           00086         decfsz  tempo0          ;Decrementa tempo0 até que seja igual a zero
0020   2814           00087         goto    aux1            ;Vai para a label aux1
                      00088 
                      00089                                                 ; 3 ciclos de máquina
                      00090         ;Fator de correção 16us 
0021   3004           00091         movlw   .4
0022   00A2           00092         movwf   tempo2  
0023   0000           00093         nop
                      00094                                                 ;3ciclos
Warning[207]: Found label after column 1. (loop2)
0024                  00095         loop2:
MPASM  5.37              PRáTICA_1__28_07.ASM   9-15-2022  15:48:25         PAGE  3


LOC  OBJECT CODE     LINE SOURCE TEXT
  VALUE

Message[305]: Using default destination of 1 (file).
0024   0BA2           00096         decfsz tempo2           
0025   2824           00097         goto loop2
0026   0000           00098         nop
0027   0008           00099         return                          ;Retorna após a chamada da sub rotina
                      00100 
                      00101         end                                     ;Final do Programa
MPASM  5.37              PRáTICA_1__28_07.ASM   9-15-2022  15:48:25         PAGE  4


SYMBOL TABLE
  LABEL                             VALUE 

ACKDT                             00000005
ACKEN                             00000004
ACKSTAT                           00000006
ADCON0                            0000001F
ADCON1                            0000009F
ADCS0                             00000006
ADCS1                             00000007
ADCS2                             00000006
ADDEN                             00000003
ADFM                              00000007
ADIE                              00000006
ADIF                              00000006
ADON                              00000000
ADRESH                            0000001E
ADRESL                            0000009E
BCLIE                             00000003
BCLIF                             00000003
BF                                00000000
BRGH                              00000002
C                                 00000000
C1INV                             00000004
C1OUT                             00000006
C2INV                             00000005
C2OUT                             00000007
CCP1CON                           00000017
CCP1IE                            00000002
CCP1IF                            00000002
CCP1M0                            00000000
CCP1M1                            00000001
CCP1M2                            00000002
CCP1M3                            00000003
CCP1X                             00000005
CCP1Y                             00000004
CCP2CON                           0000001D
CCP2IE                            00000000
CCP2IF                            00000000
CCP2M0                            00000000
CCP2M1                            00000001
CCP2M2                            00000002
CCP2M3                            00000003
CCP2X                             00000005
CCP2Y                             00000004
CCPR1H                            00000016
CCPR1L                            00000015
CCPR2H                            0000001C
CCPR2L                            0000001B
CHS0                              00000003
CHS1                              00000004
CHS2                              00000005
CIS                               00000003
CKE                               00000006
CKP                               00000004
CM0                               00000000
MPASM  5.37              PRáTICA_1__28_07.ASM   9-15-2022  15:48:25         PAGE  5


SYMBOL TABLE
  LABEL                             VALUE 

CM1                               00000001
CM2                               00000002
CMCON                             0000009C
CMIE                              00000006
CMIF                              00000006
CREN                              00000004
CSRC                              00000007
CVR0                              00000000
CVR1                              00000001
CVR2                              00000002
CVR3                              00000003
CVRCON                            0000009D
CVREN                             00000007
CVROE                             00000006
CVRR                              00000005
D                                 00000005
DATA_ADDRESS                      00000005
DC                                00000001
D_A                               00000005
EEADR                             0000010D
EEADRH                            0000010F
EECON1                            0000018C
EECON2                            0000018D
EEDATA                            0000010C
EEDATH                            0000010E
EEIE                              00000004
EEIF                              00000004
EEPGD                             00000007
F                                 00000001
FERR                              00000002
FSR                               00000004
GCEN                              00000007
GIE                               00000007
GO                                00000002
GO_DONE                           00000002
I2C_DATA                          00000005
I2C_READ                          00000002
I2C_START                         00000003
I2C_STOP                          00000004
IBF                               00000007
IBOV                              00000005
INDF                              00000000
INTCON                            0000000B
INTE                              00000004
INTEDG                            00000006
INTF                              00000001
IRP                               00000007
NOT_A                             00000005
NOT_ADDRESS                       00000005
NOT_BO                            00000000
NOT_BOR                           00000000
NOT_DONE                          00000002
NOT_PD                            00000003
MPASM  5.37              PRáTICA_1__28_07.ASM   9-15-2022  15:48:25         PAGE  6


SYMBOL TABLE
  LABEL                             VALUE 

NOT_POR                           00000001
NOT_RBPU                          00000007
NOT_RC8                           00000006
NOT_T1SYNC                        00000002
NOT_TO                            00000004
NOT_TX8                           00000006
NOT_W                             00000002
NOT_WRITE                         00000002
OBF                               00000006
OERR                              00000001
OPTION_REG                        00000081
P                                 00000004
PCFG0                             00000000
PCFG1                             00000001
PCFG2                             00000002
PCFG3                             00000003
PCL                               00000002
PCLATH                            0000000A
PCON                              0000008E
PEIE                              00000006
PEN                               00000002
PIE1                              0000008C
PIE2                              0000008D
PIR1                              0000000C
PIR2                              0000000D
PORTA                             00000005
PORTB                             00000006
PORTC                             00000007
PORTD                             00000008
PORTE                             00000009
PR2                               00000092
PS0                               00000000
PS1                               00000001
PS2                               00000002
PSA                               00000003
PSPIE                             00000007
PSPIF                             00000007
PSPMODE                           00000004
R                                 00000002
RBIE                              00000003
RBIF                              00000000
RC8_9                             00000006
RC9                               00000006
RCD8                              00000000
RCEN                              00000003
RCIE                              00000005
RCIF                              00000005
RCREG                             0000001A
RCSTA                             00000018
RD                                00000000
READ_WRITE                        00000002
RP0                               00000005
RP1                               00000006
MPASM  5.37              PRáTICA_1__28_07.ASM   9-15-2022  15:48:25         PAGE  7


SYMBOL TABLE
  LABEL                             VALUE 

RSEN                              00000001
RX9                               00000006
RX9D                              00000000
R_W                               00000002
S                                 00000003
SEN                               00000000
SMP                               00000007
SPBRG                             00000099
SPEN                              00000007
SREN                              00000005
SSPADD                            00000093
SSPBUF                            00000013
SSPCON                            00000014
SSPCON2                           00000091
SSPEN                             00000005
SSPIE                             00000003
SSPIF                             00000003
SSPM0                             00000000
SSPM1                             00000001
SSPM2                             00000002
SSPM3                             00000003
SSPOV                             00000006
SSPSTAT                           00000094
STATUS                            00000003
SYNC                              00000004
T0CS                              00000005
T0IE                              00000005
T0IF                              00000002
T0SE                              00000004
T1CKPS0                           00000004
T1CKPS1                           00000005
T1CON                             00000010
T1INSYNC                          00000002
T1OSCEN                           00000003
T1SYNC                            00000002
T2CKPS0                           00000000
T2CKPS1                           00000001
T2CON                             00000012
TMR0                              00000001
TMR0IE                            00000005
TMR0IF                            00000002
TMR1CS                            00000001
TMR1H                             0000000F
TMR1IE                            00000000
TMR1IF                            00000000
TMR1L                             0000000E
TMR1ON                            00000000
TMR2                              00000011
TMR2IE                            00000001
TMR2IF                            00000001
TMR2ON                            00000002
TOUTPS0                           00000003
TOUTPS1                           00000004
MPASM  5.37              PRáTICA_1__28_07.ASM   9-15-2022  15:48:25         PAGE  8


SYMBOL TABLE
  LABEL                             VALUE 

TOUTPS2                           00000005
TOUTPS3                           00000006
TRISA                             00000085
TRISB                             00000086
TRISC                             00000087
TRISD                             00000088
TRISE                             00000089
TRISE0                            00000000
TRISE1                            00000001
TRISE2                            00000002
TRMT                              00000001
TX8_9                             00000006
TX9                               00000006
TX9D                              00000000
TXD8                              00000000
TXEN                              00000005
TXIE                              00000004
TXIF                              00000004
TXREG                             00000019
TXSTA                             00000098
UA                                00000001
W                                 00000000
WCOL                              00000007
WR                                00000001
WREN                              00000002
WRERR                             00000003
Z                                 00000002
_BODEN_OFF                        00003FBF
_BODEN_ON                         00003FFF
_CPD_OFF                          00003FFF
_CPD_ON                           00003EFF
_CP_ALL                           00001FFF
_CP_OFF                           00003FFF
_DEBUG_OFF                        00003FFF
_DEBUG_ON                         000037FF
_HS_OSC                           00003FFE
_LP_OSC                           00003FFC
_LVP_OFF                          00003F7F
_LVP_ON                           00003FFF
_PWRTE_OFF                        00003FFF
_PWRTE_ON                         00003FF7
_RC_OSC                           00003FFF
_WDT_OFF                          00003FFB
_WDT_ON                           00003FFF
_WRT_1FOURTH                      00003BFF
_WRT_256                          00003DFF
_WRT_HALF                         000039FF
_WRT_OFF                          00003FFF
_XT_OSC                           00003FFD
__16F877A                         00000001
aux1                              00000014
aux2                              00000016
bank0                             bcf     STATUS,RP0
MPASM  5.37              PRáTICA_1__28_07.ASM   9-15-2022  15:48:25         PAGE  9


SYMBOL TABLE
  LABEL                             VALUE 

bank1                             bsf     STATUS,RP0
delay500ms                        00000012
inicio                            00000005
loop                              0000000D
loop2                             00000024
output                            PORTB,0
tempo0                            00000020
tempo1                            00000021
tempo2                            00000022


MEMORY USAGE MAP ('X' = Used,  '-' = Unused)

0000 : XXXXXXXXXXXXXXXX XXXXXXXXXXXXXXXX XXXXXXXX-------- ----------------
2000 : -------X-------- ---------------- ---------------- ----------------

All other memory blocks unused.

Program Memory Words Used:    40
Program Memory Words Free:  8152


Errors   :     0
Warnings :     4 reported,     0 suppressed
Messages :     5 reported,     0 suppressed

