
ROM used:   168/7936 (2%)
            168/7936 (2%) including unused fragments

            0.1 Average locations per line
            3.7 Average locations per statement

RAM used:   9/357 (3%) at main() level
            9/357 (3%) worst case

Stack used: 1 worst case (1 in main + 0 for interrupts)
Stack size: 7

Lines Stmts  %   Files
----- ----- ---  -----
   98    45 100  Pratica_03__18_08.c
  672     0   0  ..\..\..\..\..\..\..\Program Files (x86)\PICC\devices\16f877a.h
  399     0   0  regs_pic16f877a.h
----- -----
 1169    45 Total

Page ROM  %  RAM    Vol Diff  Functions:
---- --- --- ---    --- ----  ----------
0     21  12    1             @delay_ms1
0    129  77    4   1438  8.7  main
0     14   8    0             @goto10618
 Inline         0             @cinit1

Program metrics:
    Functions               1
    Statements              45
    Comments                234
    Volume (V)              1447
    Difficulty (D)          8.4
    Effort to implement (E) 12161
    Time to implement (T)   11 minutes
    Est Delivered Bugs (B)  0
    Cyclomatic Complexity   16
    Maintainability (MI)    18

 Segment     Used  Free
-----------  ----  ----
00000-00003     4  0  
00004-007FF   164  1880  
00800-00FFF     0  2048  
01000-017FF     0  2048  
01800-01EFF     0  1792  



