
ROM used:   219/7936 (3%)
            219/7936 (3%) including unused fragments

            0.2 Average locations per line
            3.4 Average locations per statement

RAM used:   10/357 (3%) at main() level
            10/357 (3%) worst case

Stack used: 1 worst case (1 in main + 0 for interrupts)
Stack size: 7

Lines Stmts  %   Files
----- ----- ---  -----
  127    64 100  Pratica_04__25_08.c
  672     0   0  ..\..\..\..\..\..\..\Program Files (x86)\PICC\devices\16f877a.h
  399     0   0  regs_pic16f877a.h
----- -----
 1198    64 Total

Page ROM  %  RAM    Vol Diff  Functions:
---- --- --- ---    --- ----  ----------
0     21  10    1             @delay_ms1
0     66  30    1    537  3.3  AlteraDisplay
0     14   6    0             @goto10575
0    114  52    5   1314  6.3  MAIN
 Inline         0             @cinit1

Program metrics:
    Functions               2
    Statements              64
    Comments                233
    Volume (V)              2135
    Difficulty (D)          9.4
    Effort to implement (E) 20114
    Time to implement (T)   19 minutes
    Est Delivered Bugs (B)  0
    Cyclomatic Complexity   18
    Maintainability (MI)    34

 Segment     Used  Free
-----------  ----  ----
00000-00003     4  0  
00004-007FF   215  1829  
00800-00FFF     0  2048  
01000-017FF     0  2048  
01800-01EFF     0  1792  



