
ROM used:   250/7936 (3%)
            250/7936 (3%) including unused fragments

            0.2 Average locations per line
            6.1 Average locations per statement

RAM used:   20/357 (6%) at main() level
            23/357 (6%) worst case

Stack used: 1 worst case (1 in main + 0 for interrupts)
Stack size: 7

Lines Stmts  %   Files
----- ----- ---  -----
   91    41 100  Questão 4.c
  672     0   0  ..\..\..\..\..\..\..\..\..\..\Program Files (x86)\PICC\devices\16f877a.h
  399     0   0  regs_pic16f877a.h
----- -----
 1162    41 Total

Page ROM  %  RAM    Vol Diff  Functions:
---- --- --- ---    --- ----  ----------
0     21   8    1             @delay_ms1
0     14   6    0             @const867
0    174  70    3   1290  7.8  main
0     37  15    5             @DIV1616
 Inline         0             @cinit1

Program metrics:
    Functions               1
    Statements              41
    Comments                182
    Volume (V)              1300
    Difficulty (D)          7.5
    Effort to implement (E) 9752
    Time to implement (T)   9 minutes
    Est Delivered Bugs (B)  0
    Cyclomatic Complexity   3
    Maintainability (MI)    117

 Segment     Used  Free
-----------  ----  ----
00000-00003     4  0  
00004-007FF   246  1798  
00800-00FFF     0  2048  
01000-017FF     0  2048  
01800-01EFF     0  1792  



