
ROM used:   65/7936 (1%)
            65/7936 (1%) including unused fragments

            0.1 Average locations per line
            2.0 Average locations per statement

RAM used:   7/357 (2%) at main() level
            7/357 (2%) worst case

Stack used: 0 worst case (0 in main + 0 for interrupts)
Stack size: 7

Lines Stmts  %   Files
----- ----- ---  -----
   63    33 100  Atividade 13.04 - CCP2.c
  672     0   0  ..\..\..\..\..\..\..\..\..\..\..\Program Files (x86)\PICC\devices\16F877A.h
  399     0   0  regs_pic16F877A.h
----- -----
 1134    33 Total

Page ROM  %  RAM    Vol Diff  Functions:
---- --- --- ---    --- ----  ----------
0     61  94    0    746  5.8  main
 Inline         0             @cinit1

Program metrics:
    Functions               1
    Statements              33
    Comments                225
    Volume (V)              749
    Difficulty (D)          5.7
    Effort to implement (E) 4252
    Time to implement (T)   4 minutes
    Est Delivered Bugs (B)  0
    Cyclomatic Complexity   5
    Maintainability (MI)    31

 Segment     Used  Free
-----------  ----  ----
00000-00003     4  0  
00004-007FF    61  1983  
00800-00FFF     0  2048  
01000-017FF     0  2048  
01800-01EFF     0  1792  



