
ROM used:   25/7936 (0%)
            25/7936 (0%) including unused fragments

            0.0 Average locations per line
            1.8 Average locations per statement

RAM used:   5/357 (1%) at main() level
            5/357 (1%) worst case

Stack used: 0 worst case (0 in main + 0 for interrupts)
Stack size: 7

Lines Stmts  %   Files
----- ----- ---  -----
   47    14 100  Questão 20.c
  672     0   0  ..\..\..\..\..\..\..\..\..\..\Program Files (x86)\PICC\devices\16f877a.h
  399     0   0  regs_pic16f877a.h
----- -----
 1118    14 Total

Page ROM  %  RAM    Vol Diff  Functions:
---- --- --- ---    --- ----  ----------
0     21  84    0     14  0.8  MAIN
 Inline         0             @cinit1

Program metrics:
    Functions               1
    Statements              14
    Comments                203
    Volume (V)              16
    Difficulty (D)          0.5
    Effort to implement (E) 8
    Time to implement (T)   0 minutes
    Est Delivered Bugs (B)  0
    Cyclomatic Complexity   1
    Maintainability (MI)    110

 Segment     Used  Free
-----------  ----  ----
00000-00003     4  0  
00004-007FF    21  2023  
00800-00FFF     0  2048  
01000-017FF     0  2048  
01800-01EFF     0  1792  



