
ROM used:   273/7936 (3%)
            273/7936 (3%) including unused fragments

            0.2 Average locations per line
            11.4 Average locations per statement

RAM used:   15/357 (4%) at main() level
            20/357 (6%) worst case

Stack used: 1 worst case (1 in main + 0 for interrupts)
Stack size: 7

Lines Stmts  %   Files
----- ----- ---  -----
   53    24 100  Questão 21.c
  672     0   0  ..\..\..\..\..\..\..\..\..\..\Program Files (x86)\PICC\devices\16f877a.h
  399     0   0  regs_pic16f877a.h
----- -----
 1124    24 Total

Page ROM  %  RAM    Vol Diff  Functions:
---- --- --- ---    --- ----  ----------
0     20   7    1             @delay_ms1
0    170  62   10    983  6.8  main
0     21   8    3             @DIV88
0     58  21    2             @PRINTF_U_9600_62_63
 Inline         0             @cinit1

Program metrics:
    Functions               1
    Statements              24
    Comments                206
    Volume (V)              993
    Difficulty (D)          6.4
    Effort to implement (E) 6404
    Time to implement (T)   6 minutes
    Est Delivered Bugs (B)  0
    Cyclomatic Complexity   5
    Maintainability (MI)    70

 Segment     Used  Free
-----------  ----  ----
00000-00003     4  0  
00004-007FF   269  1775  
00800-00FFF     0  2048  
01000-017FF     0  2048  
01800-01EFF     0  1792  



